<?xml version="1.0" encoding="UTF-8"?>
<!-- Generated by org.testng.reporters.JUnitXMLReporter -->
<testsuite hostname="NDI-LAP-752" ignored="0" name="Default test" tests="1" failures="0" timestamp="16 Dec 2018 11:26:22 GMT" time="0.028" errors="0">
  <testcase name="@BeforeTest createTestResult" time="0.0" classname="com.coding.base.BaseExecution">
    <failure type="org.testng.TestNGException" message="
Parameter &amp;apos;BROWSERTYPE&amp;apos; is required by BeforeTest on method createTestResult but has not been marked @Optional or defined
in C:\Users\pawan.singh\AppData\Local\Temp\testng-eclipse-152282673\testng-customsuite.xml">
      <![CDATA[org.testng.TestNGException: 
Parameter 'BROWSERTYPE' is required by BeforeTest on method createTestResult but has not been marked @Optional or defined
in C:\Users\pawan.singh\AppData\Local\Temp\testng-eclipse-152282673\testng-customsuite.xml
at org.testng.internal.Parameters.createParams(Parameters.java:290)
at org.testng.internal.Parameters.createParametersForMethod(Parameters.java:359)
at org.testng.internal.Parameters.createParameters(Parameters.java:620)
at org.testng.internal.Parameters.createConfigurationParameters(Parameters.java:190)
at org.testng.internal.Invoker.invokeConfigurations(Invoker.java:209)
at org.testng.internal.Invoker.invokeConfigurations(Invoker.java:142)
at org.testng.TestRunner.beforeRun(TestRunner.java:529)
at org.testng.TestRunner.run(TestRunner.java:497)
at org.testng.SuiteRunner.runTest(SuiteRunner.java:455)
at org.testng.SuiteRunner.runSequentially(SuiteRunner.java:450)
at org.testng.SuiteRunner.privateRun(SuiteRunner.java:415)
at org.testng.SuiteRunner.run(SuiteRunner.java:364)
at org.testng.SuiteRunnerWorker.runSuite(SuiteRunnerWorker.java:52)
at org.testng.SuiteRunnerWorker.run(SuiteRunnerWorker.java:84)
at org.testng.TestNG.runSuitesSequentially(TestNG.java:1208)
at org.testng.TestNG.runSuitesLocally(TestNG.java:1137)
at org.testng.TestNG.runSuites(TestNG.java:1049)
at org.testng.TestNG.run(TestNG.java:1017)
at org.testng.remote.AbstractRemoteTestNG.run(AbstractRemoteTestNG.java:114)
at org.testng.remote.RemoteTestNG.initAndRun(RemoteTestNG.java:251)
at org.testng.remote.RemoteTestNG.main(RemoteTestNG.java:77)
]]>
    </failure>
  </testcase> <!-- @BeforeTest createTestResult -->
  <testcase name="@BeforeMethod start" time="0.0" classname="com.coding.base.BaseExecution">
    <skipped/>
  </testcase> <!-- @BeforeMethod start -->
  <testcase name="@AfterMethod end" time="0.0" classname="com.coding.base.BaseExecution">
    <skipped/>
  </testcase> <!-- @AfterMethod end -->
  <testcase name="@AfterTest endTestResult" time="0.0" classname="com.coding.base.BaseExecution">
    <skipped/>
  </testcase> <!-- @AfterTest endTestResult -->
  <testcase name="shouldThrowAnErrorIfSignInDetailsAreMissing" time="0.0" classname="com.coding.test.SignInTest">
    <skipped/>
  </testcase> <!-- shouldThrowAnErrorIfSignInDetailsAreMissing -->
</testsuite> <!-- Default test -->
